OK  | r.boltengineer               | Bolt Engineer                | term="bolt engineer" | https://media2.giphy.com/media/lw9FAsFOg89UwJsCtL/giphy.gif?cid=be6afde21n31qiwzep62qj7x2qfi8qyic482v7mufhfsq1ge&ep=v1_gifs_search&rid=giphy.gif&ct=g
OK  | r.vaultsniffer               | Relic Sniffer                | term="relic sniffer" | https://media3.giphy.com/media/uTNxI9msh1Tj2hEZ9T/giphy.gif?cid=be6afde222aqqd342xfwenuahkfr5x4ddahvli56nq64p040&ep=v1_gifs_search&rid=giphy.gif&ct=g
OK  | r.forgebrand                 | Forge Brand                  | term="forge brand" | https://media2.giphy.com/media/1gQWzA61P3CLE8vo6z/giphy.gif?cid=be6afde2acmxjj9z2qv14jgw58tf2wpdd0g8x272ymesk2bo&ep=v1_gifs_search&rid=giphy.gif&ct=g
OK  | r.gobpowder                  | Goblin Powder                | term="explosion" | https://media1.giphy.com/media/FSH4Ks5VNSESzcLYgo/giphy.gif?cid=be6afde24xk7h8fa1tkt3leiwx5udpbkpbwvy6uxg971gurj&ep=v1_gifs_search&rid=giphy.gif&ct=g
OK  | r.voltaicsurge               | Voltaic Surge                | term="explosion" | https://media1.giphy.com/media/FSH4Ks5VNSESzcLYgo/giphy.gif?cid=be6afde24xk7h8fa1tkt3leiwx5udpbkpbwvy6uxg971gurj&ep=v1_gifs_search&rid=giphy.gif&ct=g
OK  | u.smallheal                  | Small Heal                   | term="recovery" | https://media1.giphy.com/media/JkOuTVNSnWk8w/giphy.gif?cid=be6afde2htpj7agiotlk87czj5wnkyz1hlhls5gznf11rhc0&ep=v1_gifs_search&rid=giphy.gif&ct=g
OK  | u.smallbuff                  | Smithing Touch               | term="smithing touch" | https://media0.giphy.com/media/9e8ZtYQM3F5sY/giphy.gif?cid=be6afde2ysx4yr8kzqjyqciq1dv3yu8agv4ximk1houc4wfk&ep=v1_gifs_search&rid=giphy.gif&ct=g
OK  | u.firebolt                   | Fire Bolt                    | term="fire bolt" | https://media4.giphy.com/media/EOCDbFldLbCyGT7iCw/giphy.gif?cid=be6afde25oflkhbvlv2fmflgbhieu7fwnv6128qz53ietye4&ep=v1_gifs_search&rid=giphy.gif&ct=g
OK  | u.cardraw2                   | Quick Study                  | term="shuffle cards" | https://media3.giphy.com/media/2hjPmNNYtVGFy/giphy.gif?cid=be6afde2pa4wraunztoqhtf84279wzi4i9p0wlkczv4bhq1v&ep=v1_gifs_search&rid=giphy.gif&ct=g
OK  | c.acolyte                    | Acolyte                      | term="creature" | https://media0.giphy.com/media/rXQ5Aex4FZiej6sKTZ/giphy.gif?cid=be6afde26gs1i1t9gsm57823wgbry3dbibtpk5jinrzlo8wt&ep=v1_gifs_search&rid=giphy.gif&ct=g
OK  | c.warlord6                   | Warlord                      | term="creature" | https://media0.giphy.com/media/rXQ5Aex4FZiej6sKTZ/giphy.gif?cid=be6afde26gs1i1t9gsm57823wgbry3dbibtpk5jinrzlo8wt&ep=v1_gifs_search&rid=giphy.gif&ct=g
OK  | c.warbear7                   | War Bear                     | term="war bear" | https://media2.giphy.com/media/DZHpoRY2KeXyocGlX6/giphy.gif?cid=be6afde2azn4nk11bd25sgww70m57q95y6199q3y5vzzo0tc&ep=v1_gifs_search&rid=giphy.gif&ct=g
OK  | c.flamesword                 | Flame Sword                  | term="flame sword" | https://media1.giphy.com/media/GAAEtz4bz8yFyeUA6M/giphy.gif?cid=be6afde260iyzbqz3f3zjwlpv8kkf4wbkoamx8zn97matee4&ep=v1_gifs_search&rid=giphy.gif&ct=g
OK  | c.healflash                  | Heal Flash                   | term="recovery" | https://media1.giphy.com/media/JkOuTVNSnWk8w/giphy.gif?cid=be6afde2htpj7agiotlk87czj5wnkyz1hlhls5gznf11rhc0&ep=v1_gifs_search&rid=giphy.gif&ct=g
OK  | c.boltvolley                 | Bolt Volley                  | term="explosion" | https://media1.giphy.com/media/FSH4Ks5VNSESzcLYgo/giphy.gif?cid=be6afde24xk7h8fa1tkt3leiwx5udpbkpbwvy6uxg971gurj&ep=v1_gifs_search&rid=giphy.gif&ct=g
OK  | beast.c014                   | Ridge Ram                    | term="ridge ram" | https://media3.giphy.com/media/ef90CeHRrZfHT8Ev3u/giphy.gif?cid=be6afde2xcivt74juzixqmmk5eyyg01osu8uqbm3xhkwqr1p&ep=v1_gifs_search&rid=giphy.gif&ct=g
OK  | beast.c015                   | Pine Marten                  | term="recovery" | https://media1.giphy.com/media/JkOuTVNSnWk8w/giphy.gif?cid=be6afde2htpj7agiotlk87czj5wnkyz1hlhls5gznf11rhc0&ep=v1_gifs_search&rid=giphy.gif&ct=g
OK  | beast.c016                   | Dust Coyote                  | term="explosion" | https://media1.giphy.com/media/FSH4Ks5VNSESzcLYgo/giphy.gif?cid=be6afde24xk7h8fa1tkt3leiwx5udpbkpbwvy6uxg971gurj&ep=v1_gifs_search&rid=giphy.gif&ct=g
OK  | beast.c017                   | Lowland Bear                 | term="lowland bear" | https://media4.giphy.com/media/A0EquZ6d6TH0uj1XlF/giphy.gif?cid=be6afde2s87w1ajt2ywni76qwm72m3x4twoelc6xgqv4qsvx&ep=v1_gifs_search&rid=giphy.gif&ct=g
OK  | beast.c018                   | Tundra Hare                  | term="tundra hare" | https://media3.giphy.com/media/MPO6onmXZvMPEJ6wVA/giphy.gif?cid=be6afde26am2s2xh2yxi50bxa3zhcql169skutohz1vvkw9s&ep=v1_gifs_search&rid=giphy.gif&ct=g
OK  | beast.cs03                   | Pack Cry                     | term="pack cry" | https://media1.giphy.com/media/SPAjC1USkDANBg97k8/giphy.gif?cid=be6afde2ev8qpfubwlbugmqww5ak212odwdx6wh35avo6zcf&ep=v1_gifs_search&rid=giphy.gif&ct=g
OK  | beast.cs04                   | Nature's Mend                | term="nature s" | https://media4.giphy.com/media/zBmII0XaHSszFSyIB8/giphy.gif?cid=be6afde2j5t3j5femt38kj3x6or9o20cm8flhh1gntkyzq4r&ep=v1_gifs_search&rid=giphy.gif&ct=g
OK  | beast.cs05                   | Branch Snare                 | term="branch snare" | https://media2.giphy.com/media/4TkjrLuf8DF873j9tu/giphy.gif?cid=be6afde217x86176lvdufs0u6pb1sjim1bxticm96p0nb6y3&ep=v1_gifs_search&rid=giphy.gif&ct=g
OK  | beast.cs06                   | Wild Charge                  | term="explosion" | https://media1.giphy.com/media/FSH4Ks5VNSESzcLYgo/giphy.gif?cid=be6afde24xk7h8fa1tkt3leiwx5udpbkpbwvy6uxg971gurj&ep=v1_gifs_search&rid=giphy.gif&ct=g
OK  | beast.cs07                   | Howl                         | term="recovery" | https://media1.giphy.com/media/JkOuTVNSnWk8w/giphy.gif?cid=be6afde2htpj7agiotlk87czj5wnkyz1hlhls5gznf11rhc0&ep=v1_gifs_search&rid=giphy.gif&ct=g
OK  | beast.us03                   | Wild Surge                   | term="recovery" | https://media1.giphy.com/media/JkOuTVNSnWk8w/giphy.gif?cid=be6afde2htpj7agiotlk87czj5wnkyz1hlhls5gznf11rhc0&ep=v1_gifs_search&rid=giphy.gif&ct=g
OK  | beast.us04                   | Beast Sense                  | term="shuffle cards" | https://media3.giphy.com/media/2hjPmNNYtVGFy/giphy.gif?cid=be6afde2pa4wraunztoqhtf84279wzi4i9p0wlkczv4bhq1v&ep=v1_gifs_search&rid=giphy.gif&ct=g
OK  | beast.r001                   | Pack Hunter                  | term="creature" | https://media0.giphy.com/media/rXQ5Aex4FZiej6sKTZ/giphy.gif?cid=be6afde26gs1i1t9gsm57823wgbry3dbibtpk5jinrzlo8wt&ep=v1_gifs_search&rid=giphy.gif&ct=g
OK  | beast.r002                   | Saber Patriarch              | term="patriarch" | https://media2.giphy.com/media/3ohc0RGbTHc6TsFcbe/giphy.gif?cid=be6afde233xhoa97kz0l48b1jsxyf18yxipwrxmpk8ucyx3s&ep=v1_gifs_search&rid=giphy.gif&ct=g
OK  | beast.r003                   | Den Mother                   | term="explosion" | https://media1.giphy.com/media/FSH4Ks5VNSESzcLYgo/giphy.gif?cid=be6afde24xk7h8fa1tkt3leiwx5udpbkpbwvy6uxg971gurj&ep=v1_gifs_search&rid=giphy.gif&ct=g
OK  | undead.c011                  | Skeleton Spearman            | term="skeleton spearman" | https://media4.giphy.com/media/8OgZyXwljMPo1Cl4dg/giphy.gif?cid=be6afde2e77dfkmme37drf9tmhf20dhj5vs949pdl8drrvth&ep=v1_gifs_search&rid=giphy.gif&ct=g
OK  | undead.c012                  | Bone Lancer                  | term="bone lancer" | https://media1.giphy.com/media/cP0UpIhOXFiU2di6E0/giphy.gif?cid=be6afde2s2jolr9xv2o31nmrbat0kh3bqhcuvos6y6s2xsgs&ep=v1_gifs_search&rid=giphy.gif&ct=g
OK  | undead.c013                  | Tomb Reaver                  | term="tomb reaver" | https://media2.giphy.com/media/qf7sOE0BEnAhZee873/giphy.gif?cid=be6afde2z1dy19rizqs4p2zmqohen8i2so0ivakrzqvfgjkb&ep=v1_gifs_search&rid=giphy.gif&ct=g
OK  | undead.c014                  | Crypt Slinker                | term="explosion" | https://media1.giphy.com/media/FSH4Ks5VNSESzcLYgo/giphy.gif?cid=be6afde24xk7h8fa1tkt3leiwx5udpbkpbwvy6uxg971gurj&ep=v1_gifs_search&rid=giphy.gif&ct=g
OK  | undead.c015                  | Stitched Husk                | term="stitched" | https://media4.giphy.com/media/EE1nWSWho921w4m1IS/giphy.gif?cid=be6afde2gjy2bjrqub84r90h67vqq2xwabocu9swzsxihrsx&ep=v1_gifs_search&rid=giphy.gif&ct=g
OK  | undead.c030                  | Bonebound Behemoth           | term="explosion" | https://media1.giphy.com/media/FSH4Ks5VNSESzcLYgo/giphy.gif?cid=be6afde24xk7h8fa1tkt3leiwx5udpbkpbwvy6uxg971gurj&ep=v1_gifs_search&rid=giphy.gif&ct=g
OK  | undead.c031                  | Crypt Tyrant                 | term="recovery" | https://media1.giphy.com/media/JkOuTVNSnWk8w/giphy.gif?cid=be6afde2htpj7agiotlk87czj5wnkyz1hlhls5gznf11rhc0&ep=v1_gifs_search&rid=giphy.gif&ct=g
OK  | undead.c032                  | Tomb Sovereign               | term="sovereign" | https://media2.giphy.com/media/48kpH4UG0PFb7yFpBN/giphy.gif?cid=be6afde288pcv712itjy9qqzx1uznqmjdfhl79se7571zeqp&ep=v1_gifs_search&rid=giphy.gif&ct=g
OK  | undead.c033                  | Pale Warlord                 | term="pale warlord" | https://media0.giphy.com/media/Jk6zdJzKyBC80/giphy.gif?cid=be6afde2e1z0tl79lx73b3wpc4haq4aw7h3kt33y3x8qqobv&ep=v1_gifs_search&rid=giphy.gif&ct=g
OK  | undead.c034                  | Cinder Reaper                | term="cinder reaper" | https://media4.giphy.com/media/OY9XK7PbFqkNO/giphy.gif?cid=be6afde2d99aqp5jbzrmxrifcnciybqxkw2zzm64pfi4mchj&ep=v1_gifs_search&rid=giphy.gif&ct=g
FAIL| undead.c035                  |                              | reason=rate-limit
FAIL| undead.cs05                  |                              | reason=rate-limit
FAIL| undead.r001                  |                              | reason=rate-limit
FAIL| fire.c013                    |                              | reason=rate-limit
OK  | undead.c035                  | Bone Colossus                | term="bone colossus" | https://media0.giphy.com/media/1HbHUmwENbWcHQIWB4/giphy.gif?cid=be6afde297pcv97qw3lh159aiv5nb18sryojoq6m4g37p5nd&ep=v1_gifs_search&rid=giphy.gif&ct=g
OK  | undead.u003                  | Bone Pikeman                 | term="bone pikeman" | https://media0.giphy.com/media/vjjCsx3izfSyQ/giphy.gif?cid=be6afde2s70wy0liz1yuch7lfkb6qqy5kzh4ct3cvsgiokuc&ep=v1_gifs_search&rid=giphy.gif&ct=g
OK  | undead.u004                  | Grave Reaper                 | term="grave reaper" | https://media0.giphy.com/media/Pk4We4M6u6ZdqKIcgm/giphy.gif?cid=be6afde2070gxcyu5ubvtsiyejnlt0t54rdz4217a8r0iock&ep=v1_gifs_search&rid=giphy.gif&ct=g
OK  | undead.u005                  | Wight Marauder               | term="explosion" | https://media1.giphy.com/media/FSH4Ks5VNSESzcLYgo/giphy.gif?cid=be6afde24xk7h8fa1tkt3leiwx5udpbkpbwvy6uxg971gurj&ep=v1_gifs_search&rid=giphy.gif&ct=g
OK  | undead.u006                  | Cinder Knight                | term="recovery" | https://media1.giphy.com/media/JkOuTVNSnWk8w/giphy.gif?cid=be6afde2htpj7agiotlk87czj5wnkyz1hlhls5gznf11rhc0&ep=v1_gifs_search&rid=giphy.gif&ct=g
OK  | undead.u007                  | Pale Champion                | term="pale champion" | https://media0.giphy.com/media/Jk6zdJzKyBC80/giphy.gif?cid=be6afde249ocb9lmrl1ef4iorlna5ign0lcaj75f9v52cwpn&ep=v1_gifs_search&rid=giphy.gif&ct=g
OK  | undead.u018                  | Ashen Patriarch              | term="recovery" | https://media1.giphy.com/media/JkOuTVNSnWk8w/giphy.gif?cid=be6afde2htpj7agiotlk87czj5wnkyz1hlhls5gznf11rhc0&ep=v1_gifs_search&rid=giphy.gif&ct=g
OK  | undead.us01                  | Plague                       | term="explosion" | https://media1.giphy.com/media/FSH4Ks5VNSESzcLYgo/giphy.gif?cid=be6afde24xk7h8fa1tkt3leiwx5udpbkpbwvy6uxg971gurj&ep=v1_gifs_search&rid=giphy.gif&ct=g
OK  | undead.us02                  | Soul Burst                   | term="explosion" | https://media1.giphy.com/media/FSH4Ks5VNSESzcLYgo/giphy.gif?cid=be6afde24xk7h8fa1tkt3leiwx5udpbkpbwvy6uxg971gurj&ep=v1_gifs_search&rid=giphy.gif&ct=g
OK  | undead.us03                  | Death Pulse                  | term="recovery" | https://media1.giphy.com/media/JkOuTVNSnWk8w/giphy.gif?cid=be6afde2htpj7agiotlk87czj5wnkyz1hlhls5gznf11rhc0&ep=v1_gifs_search&rid=giphy.gif&ct=g
OK  | undead.us04                  | Ashen Drain                  | term="shuffle cards" | https://media3.giphy.com/media/2hjPmNNYtVGFy/giphy.gif?cid=be6afde2pa4wraunztoqhtf84279wzi4i9p0wlkczv4bhq1v&ep=v1_gifs_search&rid=giphy.gif&ct=g
OK  | undead.l001                  | Mortis, the Cold Crown       | term="creature" | https://media0.giphy.com/media/rXQ5Aex4FZiej6sKTZ/giphy.gif?cid=be6afde26gs1i1t9gsm57823wgbry3dbibtpk5jinrzlo8wt&ep=v1_gifs_search&rid=giphy.gif&ct=g
OK  | undead.l002                  | Ossarion the Bone-Throne     | term="creature" | https://media0.giphy.com/media/rXQ5Aex4FZiej6sKTZ/giphy.gif?cid=be6afde26gs1i1t9gsm57823wgbry3dbibtpk5jinrzlo8wt&ep=v1_gifs_search&rid=giphy.gif&ct=g
OK  | tok.undead.swarm             | Undead Swarm                 | term="undead swarm" | https://media2.giphy.com/media/vxRB1MK4ry6Y1k2X5u/giphy.gif?cid=be6afde26e0enxllxwkommijbox1vsqc1xh8b0a608w12nyi&ep=v1_gifs_search&rid=giphy.gif&ct=g
OK  | fire.c001                    | Spark                        | term="creature" | https://media0.giphy.com/media/rXQ5Aex4FZiej6sKTZ/giphy.gif?cid=be6afde26gs1i1t9gsm57823wgbry3dbibtpk5jinrzlo8wt&ep=v1_gifs_search&rid=giphy.gif&ct=g
OK  | fire.c002                    | Cinder Imp                   | term="cinder imp" | https://media3.giphy.com/media/pkTkeBxY84RDcYoI8H/giphy.gif?cid=be6afde23k2p3v6qte53rm875ywj69nd3nmrj4lc2aomcvw9&ep=v1_gifs_search&rid=giphy.gif&ct=g
OK  | fire.c013                    | Pyre Sprite                  | term="creature" | https://media0.giphy.com/media/rXQ5Aex4FZiej6sKTZ/giphy.gif?cid=be6afde26gs1i1t9gsm57823wgbry3dbibtpk5jinrzlo8wt&ep=v1_gifs_search&rid=giphy.gif&ct=g
OK  | fire.c014                    | Sun Wisp                     | term="sun wisp" | https://media4.giphy.com/media/KS14ETbNozNt5xT79A/giphy.gif?cid=be6afde2cyet8bgfy1wccjd08zxw2u0pxg3c1ly4q498l1tz&ep=v1_gifs_search&rid=giphy.gif&ct=g
OK  | fire.c015                    | Flame Sentry                 | term="recovery" | https://media1.giphy.com/media/JkOuTVNSnWk8w/giphy.gif?cid=be6afde2htpj7agiotlk87czj5wnkyz1hlhls5gznf11rhc0&ep=v1_gifs_search&rid=giphy.gif&ct=g
OK  | fire.c016                    | Pyre Husk                    | term="pyre husk" | https://media4.giphy.com/media/F44FzHDnKjgpa/giphy.gif?cid=be6afde2b97yzmv8ywmrifjxm1yt2yyqp7wc2ebj49xpmro9&ep=v1_gifs_search&rid=giphy.gif&ct=g
OK  | fire.c017                    | Fire Magister                | term="fire magister" | https://media1.giphy.com/media/JSMsaLffGZPenriCBf/giphy.gif?cid=be6afde2ihkxhx19fuswo6ibm7zc3ujnsmogmxgzdq5cbd0o&ep=v1_gifs_search&rid=giphy.gif&ct=g
OK  | fire.c028                    | Volcanic Brute               | term="volcanic brute" | https://media0.giphy.com/media/xTiN0wWjLvPXzJy8Gk/giphy.gif?cid=be6afde2gmdh944hszsga9qwm3ro4u4xaukq17zrzvuj26r2&ep=v1_gifs_search&rid=giphy.gif&ct=g
OK  | fire.c029                    | Pyre Lord                    | term="pyre lord" | https://media2.giphy.com/media/11YoTVMI3QUR4k/giphy.gif?cid=be6afde2584itt7hfflkwfsnbogyanyxji8u4gh3dyfltt8o&ep=v1_gifs_search&rid=giphy.gif&ct=g
OK  | fire.c030                    | Furnace Brute                | term="explosion" | https://media1.giphy.com/media/FSH4Ks5VNSESzcLYgo/giphy.gif?cid=be6afde24xk7h8fa1tkt3leiwx5udpbkpbwvy6uxg971gurj&ep=v1_gifs_search&rid=giphy.gif&ct=g
OK  | fire.c031                    | Ember Ogre                   | term="recovery" | https://media1.giphy.com/media/JkOuTVNSnWk8w/giphy.gif?cid=be6afde2htpj7agiotlk87czj5wnkyz1hlhls5gznf11rhc0&ep=v1_gifs_search&rid=giphy.gif&ct=g
OK  | fire.c032                    | Flame Magister               | term="explosion" | https://media1.giphy.com/media/FSH4Ks5VNSESzcLYgo/giphy.gif?cid=be6afde24xk7h8fa1tkt3leiwx5udpbkpbwvy6uxg971gurj&ep=v1_gifs_search&rid=giphy.gif&ct=g
OK  | fire.cs07                    | Flame Lash                   | term="recovery" | https://media1.giphy.com/media/JkOuTVNSnWk8w/giphy.gif?cid=be6afde2htpj7agiotlk87czj5wnkyz1hlhls5gznf11rhc0&ep=v1_gifs_search&rid=giphy.gif&ct=g
OK  | fire.u001                    | Soot Sprite                  | term="soot sprite" | https://media2.giphy.com/media/OMFfLpauGoT4c/giphy.gif?cid=be6afde27qewgfzl0c5kxbru2fo3cce4trpsunek6yle1vgy&ep=v1_gifs_search&rid=giphy.gif&ct=g
OK  | fire.u002                    | Cinder Pup                   | term="cinder pup" | https://media4.giphy.com/media/26CaNjBJS7fIW4NFe/giphy.gif?cid=be6afde2ngywdjqim42ork82ytanaenmzzm4mr8sgzprsoau&ep=v1_gifs_search&rid=giphy.gif&ct=g
OK  | fire.u003                    | Flame Acolyte                | term="flame acolyte" | https://media4.giphy.com/media/zbyE0sDeW4z3W/giphy.gif?cid=be6afde2txjr7yo1sexugpb702icst6rf776axyy874xipme&ep=v1_gifs_search&rid=giphy.gif&ct=g
OK  | fire.u004                    | Ember Stalker                | term="ember stalker" | https://media2.giphy.com/media/KwOMeU2zf3fby/giphy.gif?cid=be6afde2pkrc0xtxhu36dmwemyiu02b51l85fs2t1j2q3cvq&ep=v1_gifs_search&rid=giphy.gif&ct=g
OK  | fire.u015                    | Magma Lord III               | term="recovery" | https://media1.giphy.com/media/JkOuTVNSnWk8w/giphy.gif?cid=be6afde2htpj7agiotlk87czj5wnkyz1hlhls5gznf11rhc0&ep=v1_gifs_search&rid=giphy.gif&ct=g
OK  | fire.u016                    | Volcanic Patriarch           | term="shuffle cards" | https://media3.giphy.com/media/2hjPmNNYtVGFy/giphy.gif?cid=be6afde2pa4wraunztoqhtf84279wzi4i9p0wlkczv4bhq1v&ep=v1_gifs_search&rid=giphy.gif&ct=g
OK  | fire.u017                    | Sunfire Marshal              | term="summoning" | https://media3.giphy.com/media/3ZtcLF5HB4nqOpEXAW/giphy.gif?cid=be6afde2nbhwylqcj32qlrbih6mobzzp1mrykwphgvkbd1sh&ep=v1_gifs_search&rid=giphy.gif&ct=g
OK  | fire.u018                    | Inferno Patriarch            | term="recovery" | https://media1.giphy.com/media/JkOuTVNSnWk8w/giphy.gif?cid=be6afde2htpj7agiotlk87czj5wnkyz1hlhls5gznf11rhc0&ep=v1_gifs_search&rid=giphy.gif&ct=g
OK  | fire.us01                    | Firebolt                     | term="explosion" | https://media1.giphy.com/media/FSH4Ks5VNSESzcLYgo/giphy.gif?cid=be6afde24xk7h8fa1tkt3leiwx5udpbkpbwvy6uxg971gurj&ep=v1_gifs_search&rid=giphy.gif&ct=g
FAIL| fire.us02                    |                              | reason=rate-limit
FAIL| tok.fire.swarm               |                              | reason=rate-limit
FAIL| frost.c015                   |                              | reason=rate-limit
FAIL| frost.c030                   |                              | reason=rate-limit
FAIL| frost.u002                   |                              | reason=rate-limit
FAIL| frost.u017                   |                              | reason=rate-limit
FAIL| frost.rs02                   |                              | reason=rate-limit
FAIL| storm.c012                   |                              | reason=rate-limit
FAIL| storm.c027                   |                              | reason=rate-limit
FAIL| storm.cs06                   |                              | reason=rate-limit
FAIL| storm.u014                   |                              | reason=rate-limit
FAIL| storm.r007                   |                              | reason=rate-limit
FAIL| shadow.c009                  |                              | reason=rate-limit
FAIL| shadow.c024                  |                              | reason=rate-limit
FAIL| shadow.cs03                  |                              | reason=rate-limit
FAIL| shadow.u011                  |                              | reason=rate-limit
FAIL| shadow.r004                  |                              | reason=rate-limit
FAIL| light.c006                   |                              | reason=rate-limit
FAIL| light.c021                   |                              | reason=rate-limit
FAIL| light.c036                   |                              | reason=rate-limit
FAIL| light.u008                   |                              | reason=rate-limit
FAIL| light.r001                   |                              | reason=rate-limit
FAIL| arcane.c003                  |                              | reason=rate-limit
FAIL| arcane.c018                  |                              | reason=rate-limit
FAIL| arcane.c033                  |                              | reason=rate-limit
FAIL| arcane.u005                  |                              | reason=rate-limit
FAIL| arcane.us02                  |                              | reason=rate-limit
FAIL| tok.arcane.swarm             |                              | reason=rate-limit
FAIL| wild.c015                    |                              | reason=rate-limit
FAIL| wild.c030                    |                              | reason=rate-limit
FAIL| wild.u002                    |                              | reason=rate-limit
FAIL| wild.u017                    |                              | reason=rate-limit
FAIL| wild.rs02                    |                              | reason=rate-limit
FAIL| forge.c012                   |                              | reason=rate-limit
FAIL| forge.c027                   |                              | reason=rate-limit
FAIL| forge.cs06                   |                              | reason=rate-limit
FAIL| forge.u014                   |                              | reason=rate-limit
FAIL| forge.r007                   |                              | reason=rate-limit
FAIL| goblin.c009                  |                              | reason=rate-limit
OK  | goblin.c034                  | Goblin Patriarch IV          | term="goblin patriarch" | https://media4.giphy.com/media/neALs4Y04TlfMQf4Fi/giphy.gif?cid=be6afde2bpchnq8z9gwsnbnfb37fh3kv8bs1zl5mloslu61c&ep=v1_gifs_search&rid=giphy.gif&ct=g
OK  | goblin.c035                  | Goblin Colossus              | term="goblin colossus" | https://media3.giphy.com/media/qwGtSvKLr3Ae0aydDy/giphy.gif?cid=be6afde2b3r1l1g0b9vmgmw8tvcd0b05psed0vsmte2he6bu&ep=v1_gifs_search&rid=giphy.gif&ct=g
OK  | goblin.c036                  | Goblin Throne                | term="creature" | https://media0.giphy.com/media/rXQ5Aex4FZiej6sKTZ/giphy.gif?cid=be6afde26gs1i1t9gsm57823wgbry3dbibtpk5jinrzlo8wt&ep=v1_gifs_search&rid=giphy.gif&ct=g
OK  | goblin.cs01                  | Boom                         | term="explosion" | https://media1.giphy.com/media/FSH4Ks5VNSESzcLYgo/giphy.gif?cid=be6afde24xk7h8fa1tkt3leiwx5udpbkpbwvy6uxg971gurj&ep=v1_gifs_search&rid=giphy.gif&ct=g
OK  | goblin.cs02                  | Powder                       | term="explosion" | https://media1.giphy.com/media/FSH4Ks5VNSESzcLYgo/giphy.gif?cid=be6afde24xk7h8fa1tkt3leiwx5udpbkpbwvy6uxg971gurj&ep=v1_gifs_search&rid=giphy.gif&ct=g
OK  | goblin.u006                  | Goblin Knight IV             | term="recovery" | https://media1.giphy.com/media/JkOuTVNSnWk8w/giphy.gif?cid=be6afde2htpj7agiotlk87czj5wnkyz1hlhls5gznf11rhc0&ep=v1_gifs_search&rid=giphy.gif&ct=g
OK  | goblin.u007                  | Goblin Sergeant IV           | term="sergeant" | https://media4.giphy.com/media/23QmqSCSVI1Kd9SwJX/giphy.gif?cid=be6afde2g3cpn58xwvy2f9m3yuc20lqrc3odihnaumascgiw&ep=v1_gifs_search&rid=giphy.gif&ct=g
OK  | goblin.u008                  | Goblin Magister IV           | term="magister" | https://media4.giphy.com/media/Qw7PrvtqVrSgxPujvt/giphy.gif?cid=be6afde20z5r0kiww4clvrc0xhgv0awl3uoe7s06rhmcoz0m&ep=v1_gifs_search&rid=giphy.gif&ct=g
OK  | goblin.u009                  | Goblin Sapper-Lord           | term="healing" | https://media0.giphy.com/media/V1az9y4VDYXzzAjThW/giphy.gif?cid=be6afde2uvrkj6sifssbulc9b5egs0v0n14j4gnbzjglohf1&ep=v1_gifs_search&rid=giphy.gif&ct=g
OK  | goblin.u010                  | Goblin Captain III           | term="creature" | https://media0.giphy.com/media/rXQ5Aex4FZiej6sKTZ/giphy.gif?cid=be6afde26gs1i1t9gsm57823wgbry3dbibtpk5jinrzlo8wt&ep=v1_gifs_search&rid=giphy.gif&ct=g
OK  | goblin.us03                  | Mauler Cry                   | term="recovery" | https://media1.giphy.com/media/JkOuTVNSnWk8w/giphy.gif?cid=be6afde2htpj7agiotlk87czj5wnkyz1hlhls5gznf11rhc0&ep=v1_gifs_search&rid=giphy.gif&ct=g
OK  | goblin.us04                  | Tinker's Brand               | term="tinker s" | https://media1.giphy.com/media/1iw6fmCzhw9QE32oOv/giphy.gif?cid=be6afde2a32ob4qsqlpglks2zvz1gerpweelu40lhjswt0te&ep=v1_gifs_search&rid=giphy.gif&ct=g
OK  | goblin.r001                  | Goblin Sovereign V           | term="creature" | https://media0.giphy.com/media/rXQ5Aex4FZiej6sKTZ/giphy.gif?cid=be6afde26gs1i1t9gsm57823wgbry3dbibtpk5jinrzlo8wt&ep=v1_gifs_search&rid=giphy.gif&ct=g
OK  | goblin.r002                  | Goblin Patriarch VI          | term="creature" | https://media0.giphy.com/media/rXQ5Aex4FZiej6sKTZ/giphy.gif?cid=be6afde26gs1i1t9gsm57823wgbry3dbibtpk5jinrzlo8wt&ep=v1_gifs_search&rid=giphy.gif&ct=g
OK  | goblin.r003                  | Goblin Tyrant V              | term="creature" | https://media0.giphy.com/media/rXQ5Aex4FZiej6sKTZ/giphy.gif?cid=be6afde26gs1i1t9gsm57823wgbry3dbibtpk5jinrzlo8wt&ep=v1_gifs_search&rid=giphy.gif&ct=g
OK  | dragon.c001                  | Dragon Hatchling             | term="hatchling" | https://media1.giphy.com/media/l2R00Gh8RuG7X9Wta/giphy.gif?cid=be6afde2iwaiype11w6dzg4753qtja3j29ssszlb9plpohba&ep=v1_gifs_search&rid=giphy.gif&ct=g
OK  | dragon.c002                  | Wyrm Pup                     | term="wyrm pup" | https://media4.giphy.com/media/U17LNwHC5snt9i5sWe/giphy.gif?cid=be6afde2lqfofnkx6ym5zt03869xomdm9bsota9bjslejosb&ep=v1_gifs_search&rid=giphy.gif&ct=g
OK  | dragon.c003                  | Drake Whelp                  | term="drake whelp" | https://media1.giphy.com/media/a4bVd5rws33Eq6fGd5/giphy.gif?cid=be6afde2nj89p2ynpmfzed2trnn0027a0gge50chedq6tfth&ep=v1_gifs_search&rid=giphy.gif&ct=g
OK  | dragon.c004                  | Drake Imp                    | term="drake imp" | https://media1.giphy.com/media/a4bVd5rws33Eq6fGd5/giphy.gif?cid=be6afde275p8i67xh5bri1p63n9uzkzpxcqc5g1sgmiy18ij&ep=v1_gifs_search&rid=giphy.gif&ct=g
OK  | dragon.c005                  | Wyrmling                     | term="creature" | https://media0.giphy.com/media/rXQ5Aex4FZiej6sKTZ/giphy.gif?cid=be6afde26gs1i1t9gsm57823wgbry3dbibtpk5jinrzlo8wt&ep=v1_gifs_search&rid=giphy.gif&ct=g
OK  | dragon.c016                  | Wyrm-Marten                  | term="explosion" | https://media1.giphy.com/media/FSH4Ks5VNSESzcLYgo/giphy.gif?cid=be6afde24xk7h8fa1tkt3leiwx5udpbkpbwvy6uxg971gurj&ep=v1_gifs_search&rid=giphy.gif&ct=g
OK  | dragon.c017                  | Drake Magister               | term="drake magister" | https://media1.giphy.com/media/a4bVd5rws33Eq6fGd5/giphy.gif?cid=be6afde2zavjnsjevr7rh2gqf34mtw2pb1t4gfiynl3hn7bp&ep=v1_gifs_search&rid=giphy.gif&ct=g
OK  | dragon.c018                  | Wyrm Magister                | term="wyrm magister" | https://media4.giphy.com/media/U17LNwHC5snt9i5sWe/giphy.gif?cid=be6afde2k5g5sktajhxzrriqic7gyr8kbdzueahp9a1q5c8k&ep=v1_gifs_search&rid=giphy.gif&ct=g
OK  | dragon.c019                  | Drake Sovereign              | term="drake sovereign" | https://media1.giphy.com/media/a4bVd5rws33Eq6fGd5/giphy.gif?cid=be6afde2i5ahdzzd4xqh9y5kz2ax09d6aexntkw6qv63np8h&ep=v1_gifs_search&rid=giphy.gif&ct=g
OK  | dragon.c020                  | Wyrm Sovereign               | term="wyrm sovereign" | https://media3.giphy.com/media/MXA4BVRU46I1GGrOOw/giphy.gif?cid=be6afde2dq4rpa2evvskqflodnahinwz3qfpym8e2m40ml1k&ep=v1_gifs_search&rid=giphy.gif&ct=g
OK  | dragon.c031                  | Wyrm Sovereign-Lord          | term="recovery" | https://media1.giphy.com/media/JkOuTVNSnWk8w/giphy.gif?cid=be6afde2htpj7agiotlk87czj5wnkyz1hlhls5gznf11rhc0&ep=v1_gifs_search&rid=giphy.gif&ct=g
OK  | dragon.c032                  | Drake Patriarch-Lord         | term="patriarch" | https://media2.giphy.com/media/3ohc0RGbTHc6TsFcbe/giphy.gif?cid=be6afde233xhoa97kz0l48b1jsxyf18yxipwrxmpk8ucyx3s&ep=v1_gifs_search&rid=giphy.gif&ct=g
OK  | dragon.c033                  | Wyrm Patriarch-Lord          | term="wyrm patriarch" | https://media4.giphy.com/media/neALs4Y04TlfMQf4Fi/giphy.gif?cid=be6afde2rs8qytx30mbv31x5q7k766vpb7hy4fjrwspgqdy7&ep=v1_gifs_search&rid=giphy.gif&ct=g
OK  | dragon.c034                  | Drake Marshal                | term="drake marshal" | https://media2.giphy.com/media/14wjK83S1KUxLq/giphy.gif?cid=be6afde2xpqe3isicrd5y5fbqbzgawvby8qu86owvehx1xks&ep=v1_gifs_search&rid=giphy.gif&ct=g
OK  | dragon.c035                  | Drake Colossus               | term="drake colossus" | https://media1.giphy.com/media/a4bVd5rws33Eq6fGd5/giphy.gif?cid=be6afde20lw9vjrydvr6joic7gi7x9aqtork2w9bn02dbk1a&ep=v1_gifs_search&rid=giphy.gif&ct=g
OK  | dragon.u003                  | Drake Pup III                | term="creature" | https://media0.giphy.com/media/rXQ5Aex4FZiej6sKTZ/giphy.gif?cid=be6afde26gs1i1t9gsm57823wgbry3dbibtpk5jinrzlo8wt&ep=v1_gifs_search&rid=giphy.gif&ct=g
OK  | dragon.u004                  | Wyrmling III                 | term="wyrmling iii" | https://media1.giphy.com/media/3o7GUNP9leVDvYTZvy/giphy.gif?cid=be6afde2yuqbndydyqrxsoiqr6psu476dae9e0ahdimd4a21&ep=v1_gifs_search&rid=giphy.gif&ct=g
OK  | dragon.u005                  | Drake Imp III                | term="creature" | https://media0.giphy.com/media/rXQ5Aex4FZiej6sKTZ/giphy.gif?cid=be6afde26gs1i1t9gsm57823wgbry3dbibtpk5jinrzlo8wt&ep=v1_gifs_search&rid=giphy.gif&ct=g
OK  | dragon.u006                  | Drake Knight III             | term="recovery" | https://media1.giphy.com/media/JkOuTVNSnWk8w/giphy.gif?cid=be6afde2htpj7agiotlk87czj5wnkyz1hlhls5gznf11rhc0&ep=v1_gifs_search&rid=giphy.gif&ct=g
OK  | dragon.u007                  | Wyrm Knight III              | term="creature" | https://media0.giphy.com/media/rXQ5Aex4FZiej6sKTZ/giphy.gif?cid=be6afde26gs1i1t9gsm57823wgbry3dbibtpk5jinrzlo8wt&ep=v1_gifs_search&rid=giphy.gif&ct=g
OK  | dragon.u011                  | Wyrm Magister III            | term="magister" | https://media4.giphy.com/media/Qw7PrvtqVrSgxPujvt/giphy.gif?cid=be6afde20z5r0kiww4clvrc0xhgv0awl3uoe7s06rhmcoz0m&ep=v1_gifs_search&rid=giphy.gif&ct=g
OK  | dragon.u012                  | Drake Sovereign III          | term="sovereign" | https://media2.giphy.com/media/48kpH4UG0PFb7yFpBN/giphy.gif?cid=be6afde288pcv712itjy9qqzx1uznqmjdfhl79se7571zeqp&ep=v1_gifs_search&rid=giphy.gif&ct=g
OK  | dragon.u013                  | Drake Tyrant III             | term="creature" | https://media0.giphy.com/media/rXQ5Aex4FZiej6sKTZ/giphy.gif?cid=be6afde26gs1i1t9gsm57823wgbry3dbibtpk5jinrzlo8wt&ep=v1_gifs_search&rid=giphy.gif&ct=g
OK  | dragon.u014                  | Wyrm Tyrant III              | term="creature" | https://media0.giphy.com/media/rXQ5Aex4FZiej6sKTZ/giphy.gif?cid=be6afde26gs1i1t9gsm57823wgbry3dbibtpk5jinrzlo8wt&ep=v1_gifs_search&rid=giphy.gif&ct=g
OK  | dragon.u015                  | Drake Patriarch IV           | term="recovery" | https://media1.giphy.com/media/JkOuTVNSnWk8w/giphy.gif?cid=be6afde2htpj7agiotlk87czj5wnkyz1hlhls5gznf11rhc0&ep=v1_gifs_search&rid=giphy.gif&ct=g
FAIL| dragon.u016                  |                              | reason=rate-limit
FAIL| dragon.r001                  |                              | reason=rate-limit
FAIL| demon.c003                   |                              | reason=rate-limit
FAIL| demon.c018                   |                              | reason=rate-limit
FAIL| demon.c033                   |                              | reason=rate-limit
FAIL| demon.u005                   |                              | reason=rate-limit
FAIL| demon.us02                   |                              | reason=rate-limit
FAIL| tok.demon.swarm              |                              | reason=rate-limit
FAIL| fae.c015                     |                              | reason=rate-limit
FAIL| fae.c030                     |                              | reason=rate-limit
FAIL| fae.u002                     |                              | reason=rate-limit
OK  | fire.r008                    | Pyre Marshal                 | term="creature" | https://media0.giphy.com/media/rXQ5Aex4FZiej6sKTZ/giphy.gif?cid=be6afde26gs1i1t9gsm57823wgbry3dbibtpk5jinrzlo8wt&ep=v1_gifs_search&rid=giphy.gif&ct=g
OK  | fire.rs01                    | Inferno                      | term="explosion" | https://media1.giphy.com/media/FSH4Ks5VNSESzcLYgo/giphy.gif?cid=be6afde24xk7h8fa1tkt3leiwx5udpbkpbwvy6uxg971gurj&ep=v1_gifs_search&rid=giphy.gif&ct=g
OK  | fire.rs02                    | Pyroclasm                    | term="pyroclasm" | https://media4.giphy.com/media/2vs3VwAD76NPzDYvBZ/giphy.gif?cid=be6afde2qhwdvqyymd99h2m4x1gprfutz0v0vhcnw0rfjdyw&ep=v1_gifs_search&rid=giphy.gif&ct=g
OK  | fire.l001                    | Solenne, Ember-Crowned       | term="solenne" | https://media1.giphy.com/media/L1DgtiMNSR7BIp2ZH5/giphy.gif?cid=be6afde2zwbj5bdxw99dy5mrtvip2i4zf1og6a4gu68r8rio&ep=v1_gifs_search&rid=giphy.gif&ct=g
OK  | fire.l002                    | Aurix, the Burning Forge     | term="power up" | https://media4.giphy.com/media/V9RupScWk3CMf1CXuo/giphy.gif?cid=be6afde28ng04bvluhplnqkvs9h2n7uw6l0aoleqlwwqyb04&ep=v1_gifs_search&rid=giphy.gif&ct=g
OK  | frost.c010                   | Glacier Sprite               | term="glacier sprite" | https://media3.giphy.com/media/26tPazYTSaeFzc8jm/giphy.gif?cid=be6afde2bql4qdn4732v29n18li0bx6di33tafamhwr2k2qy&ep=v1_gifs_search&rid=giphy.gif&ct=g
OK  | frost.c011                   | Frost Spearman               | term="frost spearman" | https://media2.giphy.com/media/dVdIu1HNxeKyqzkgPA/giphy.gif?cid=be6afde22ubyommx5hi66k0nkvn018pqifreg2dmivfj8t0u&ep=v1_gifs_search&rid=giphy.gif&ct=g
OK  | frost.c012                   | Ice Crawler                  | term="ice crawler" | https://media0.giphy.com/media/PkEOWPu2ViIuPRr4pf/giphy.gif?cid=be6afde28rrahhnlh93qe5c2u8ubc36upiw32wuz9zumq8qi&ep=v1_gifs_search&rid=giphy.gif&ct=g
OK  | frost.c013                   | Sleet Marauder               | term="sleet marauder" | https://media3.giphy.com/media/HIQqZdkbYIPydNTrM0/giphy.gif?cid=be6afde2nm7541pd6svh0s14vm2f0ezhdz1pn76l6tg4105z&ep=v1_gifs_search&rid=giphy.gif&ct=g
OK  | frost.c014                   | Snow Sentinel                | term="explosion" | https://media1.giphy.com/media/FSH4Ks5VNSESzcLYgo/giphy.gif?cid=be6afde24xk7h8fa1tkt3leiwx5udpbkpbwvy6uxg971gurj&ep=v1_gifs_search&rid=giphy.gif&ct=g
OK  | frost.c025                   | Hail Marshal                 | term="hail marshal" | https://media0.giphy.com/media/bN7fr2dGqyZuU/giphy.gif?cid=be6afde2i98j9zgrazbk406r19jk6r69r2vm4xtl31hanjnr&ep=v1_gifs_search&rid=giphy.gif&ct=g
OK  | frost.c026                   | Sleet Knight                 | term="sleet knight" | https://media2.giphy.com/media/4DziockD6iBPfnLgT8/giphy.gif?cid=be6afde2th1lfzje8i6vdase8mxdf327x41t787zs6r1ppf6&ep=v1_gifs_search&rid=giphy.gif&ct=g
OK  | frost.c027                   | Snow King                    | term="snow king" | https://media3.giphy.com/media/7mHUpfphRe9PFm6lJO/giphy.gif?cid=be6afde21nplx33ktb7dirgc8mzoqbt4za5mfy35o9wqdrh3&ep=v1_gifs_search&rid=giphy.gif&ct=g
OK  | frost.c028                   | Ice Tyrant                   | term="creature" | https://media0.giphy.com/media/rXQ5Aex4FZiej6sKTZ/giphy.gif?cid=be6afde26gs1i1t9gsm57823wgbry3dbibtpk5jinrzlo8wt&ep=v1_gifs_search&rid=giphy.gif&ct=g
OK  | frost.c029                   | Glacier Lord                 | term="glacier lord" | https://media0.giphy.com/media/D0NLaTNJVga4ae5aEt/giphy.gif?cid=be6afde22asnl8e068513yi9eyrk2z0pdpxj12wdxdok06a0&ep=v1_gifs_search&rid=giphy.gif&ct=g
OK  | frost.cs04                   | Glacial Touch                | term="shuffle cards" | https://media3.giphy.com/media/2hjPmNNYtVGFy/giphy.gif?cid=be6afde2pa4wraunztoqhtf84279wzi4i9p0wlkczv4bhq1v&ep=v1_gifs_search&rid=giphy.gif&ct=g
OK  | frost.cs05                   | Ice Pulse                    | term="ice pulse" | https://media2.giphy.com/media/godMk62fXqpgY/giphy.gif?cid=be6afde28v4xwylivm01ibin16xy5nm7tb3ksqfebl3s5q7k&ep=v1_gifs_search&rid=giphy.gif&ct=g
OK  | frost.cs06                   | Sleet                        | term="explosion" | https://media1.giphy.com/media/FSH4Ks5VNSESzcLYgo/giphy.gif?cid=be6afde24xk7h8fa1tkt3leiwx5udpbkpbwvy6uxg971gurj&ep=v1_gifs_search&rid=giphy.gif&ct=g
OK  | frost.cs07                   | Frost Veil                   | term="recovery" | https://media1.giphy.com/media/JkOuTVNSnWk8w/giphy.gif?cid=be6afde2htpj7agiotlk87czj5wnkyz1hlhls5gznf11rhc0&ep=v1_gifs_search&rid=giphy.gif&ct=g
OK  | frost.u001                   | Sleet Pup                    | term="sleet pup" | https://media0.giphy.com/media/hr6xRc0Jqpn3m4pskK/giphy.gif?cid=be6afde2ic77cprd8oqlm9r4g5upttnvz3289bi9p85deh8f&ep=v1_gifs_search&rid=giphy.gif&ct=g
OK  | frost.u012                   | Frost Vanguard               | term="frost vanguard" | https://media2.giphy.com/media/DlgJoHNaeI0GMIGiXJ/giphy.gif?cid=be6afde2ul122nos71tg1gb5rx51bc6i3hlquzglgdj0q0hj&ep=v1_gifs_search&rid=giphy.gif&ct=g
OK  | frost.u013                   | Ice Lord                     | term="ice lord" | https://media0.giphy.com/media/nM0wpJSOyrXLSUuu3o/giphy.gif?cid=be6afde2m3ytx4e1gq45wjxxne27m22jdjwzty3jtlygziy7&ep=v1_gifs_search&rid=giphy.gif&ct=g
OK  | frost.u014                   | Snow Magister                | term="explosion" | https://media1.giphy.com/media/FSH4Ks5VNSESzcLYgo/giphy.gif?cid=be6afde24xk7h8fa1tkt3leiwx5udpbkpbwvy6uxg971gurj&ep=v1_gifs_search&rid=giphy.gif&ct=g
OK  | frost.u015                   | Glacier Marshal              | term="recovery" | https://media1.giphy.com/media/JkOuTVNSnWk8w/giphy.gif?cid=be6afde2htpj7agiotlk87czj5wnkyz1hlhls5gznf11rhc0&ep=v1_gifs_search&rid=giphy.gif&ct=g
OK  | frost.u016                   | Frost Patriarch III          | term="patriarch" | https://media2.giphy.com/media/3ohc0RGbTHc6TsFcbe/giphy.gif?cid=be6afde233xhoa97kz0l48b1jsxyf18yxipwrxmpk8ucyx3s&ep=v1_gifs_search&rid=giphy.gif&ct=g
OK  | frost.r005                   | Hail Patriarch-Lord          | term="patriarch" | https://media2.giphy.com/media/3ohc0RGbTHc6TsFcbe/giphy.gif?cid=be6afde233xhoa97kz0l48b1jsxyf18yxipwrxmpk8ucyx3s&ep=v1_gifs_search&rid=giphy.gif&ct=g
OK  | frost.r006                   | Snow Tyrant                  | term="summoning" | https://media3.giphy.com/media/3ZtcLF5HB4nqOpEXAW/giphy.gif?cid=be6afde2nbhwylqcj32qlrbih6mobzzp1mrykwphgvkbd1sh&ep=v1_gifs_search&rid=giphy.gif&ct=g
OK  | frost.r007                   | Glacier Magister             | term="magister" | https://media4.giphy.com/media/Qw7PrvtqVrSgxPujvt/giphy.gif?cid=be6afde20z5r0kiww4clvrc0xhgv0awl3uoe7s06rhmcoz0m&ep=v1_gifs_search&rid=giphy.gif&ct=g
OK  | frost.r008                   | Ice Patriarch                | term="patriarch" | https://media2.giphy.com/media/3ohc0RGbTHc6TsFcbe/giphy.gif?cid=be6afde233xhoa97kz0l48b1jsxyf18yxipwrxmpk8ucyx3s&ep=v1_gifs_search&rid=giphy.gif&ct=g
OK  | frost.rs01                   | Blizzard                     | term="explosion" | https://media1.giphy.com/media/FSH4Ks5VNSESzcLYgo/giphy.gif?cid=be6afde24xk7h8fa1tkt3leiwx5udpbkpbwvy6uxg971gurj&ep=v1_gifs_search&rid=giphy.gif&ct=g
OK  | storm.c003                   | Arc Imp                      | term="arc imp" | https://media3.giphy.com/media/pkTkeBxY84RDcYoI8H/giphy.gif?cid=be6afde2h43w23mzuv63yd1tujh7olycbi7ertjqszhl66uw&ep=v1_gifs_search&rid=giphy.gif&ct=g
OK  | storm.c004                   | Wind Speck                   | term="wind speck" | https://media0.giphy.com/media/bmAtIwmYTHnwBy0d6W/giphy.gif?cid=be6afde2hj0t7sp8o9ho1dnq0zn3sw129h8dc0d8zhsls4h7&ep=v1_gifs_search&rid=giphy.gif&ct=g
OK  | storm.c005                   | Storm Wisp                   | term="storm wisp" | https://media3.giphy.com/media/FzK4hVK4s3sDre8pfh/giphy.gif?cid=be6afde2kzylfhni0crpoz3e46oprmk4u2jy1ewsmtpjvebx&ep=v1_gifs_search&rid=giphy.gif&ct=g
OK  | storm.c006                   | Squall Sprite                | term="explosion" | https://media1.giphy.com/media/FSH4Ks5VNSESzcLYgo/giphy.gif?cid=be6afde24xk7h8fa1tkt3leiwx5udpbkpbwvy6uxg971gurj&ep=v1_gifs_search&rid=giphy.gif&ct=g
OK  | storm.c007                   | Volt Imp                     | term="volt imp" | https://media3.giphy.com/media/pkTkeBxY84RDcYoI8H/giphy.gif?cid=be6afde26frh8u4u5tfjlq7ohmxus0zi54stlmiq0xit3asc&ep=v1_gifs_search&rid=giphy.gif&ct=g
